//
// {{classname}}.cpp for  in {{path}}
// 
// Made by {{student}}
// Login   <{{login}}@etna-alternance.net>
// 
// Started on  {{date}} {{student}}
// Last update {{date}} {{student}}
//
#include "{{classname}}.hh"

{{classname}}::{{classname}}()
{
}

{{classname}}::{{classname}}(const {{classname}} &copy)
{
{{constructorCopy}}}

{{classname}}::~{{classname}}()
{
}

{{classname}}& {{classname}}::operator=({{classname}} &copy)
{
{{operatorEgal}}}

{{gettersPrivate}}
{{gettersProtected}}
{{settersPrivate}}
{{settersProtected}}